<?xml version="1.0" encoding="UTF-8"?>
<!-- Generated by org.testng.reporters.JUnitReportReporter -->
<testsuite hostname="DELOWER4-PC" failures="1" tests="4" name="sandalia.apps.AppTest" time="65.401" errors="0" timestamp="2025-06-08T17:11:29 GMT+06:00" skipped="0">
  <testcase classname="sandalia.apps.AppTest" name="listActiveIntegrations" time="7.985"/>
  <testcase classname="sandalia.apps.AppTest" name="listAllIntegrations" time="3.784"/>
  <testcase classname="sandalia.apps.AppTest" name="attemptToListIntegrationsWhenEnableIntegrationsIsFalse" time="35.489">
    <failure message="integration menu button is not found: Error {
  message=&#039;Timeout 30000ms exceeded.
  name=&#039;TimeoutError
  stack=&#039;TimeoutError: Timeout 30000ms exceeded.
    at ProgressController.run (C:\Users\johnk\AppData\Local\Temp\playwright-java-4404279693085135947\package\lib\server\progress.js:76:26)
    at Frame.click (C:\Users\johnk\AppData\Local\Temp\playwright-java-4404279693085135947\package\lib\server\frames.js:991:23)
    at FrameDispatcher.click (C:\Users\johnk\AppData\Local\Temp\playwright-java-4404279693085135947\package\lib\server\dispatchers\frameDispatcher.js:117:30)
    at FrameDispatcher._handleCommand (C:\Users\johnk\AppData\Local\Temp\playwright-java-4404279693085135947\package\lib\server\dispatchers\dispatcher.js:94:40)
    at DispatcherConnection.dispatch (C:\Users\johnk\AppData\Local\Temp\playwright-java-4404279693085135947\package\lib\server\dispatchers\dispatcher.js:307:39)
}
Call log:
-   - waiting for locator(&quot;//button[@id=&#039;underline-button-integrations&#039;]&quot;)
" type="java.lang.AssertionError">
      <![CDATA[java.lang.AssertionError: integration menu button is not found: Error {
  message='Timeout 30000ms exceeded.
  name='TimeoutError
  stack='TimeoutError: Timeout 30000ms exceeded.
    at ProgressController.run (C:\Users\johnk\AppData\Local\Temp\playwright-java-4404279693085135947\package\lib\server\progress.js:76:26)
    at Frame.click (C:\Users\johnk\AppData\Local\Temp\playwright-java-4404279693085135947\package\lib\server\frames.js:991:23)
    at FrameDispatcher.click (C:\Users\johnk\AppData\Local\Temp\playwright-java-4404279693085135947\package\lib\server\dispatchers\frameDispatcher.js:117:30)
    at FrameDispatcher._handleCommand (C:\Users\johnk\AppData\Local\Temp\playwright-java-4404279693085135947\package\lib\server\dispatchers\dispatcher.js:94:40)
    at DispatcherConnection.dispatch (C:\Users\johnk\AppData\Local\Temp\playwright-java-4404279693085135947\package\lib\server\dispatchers\dispatcher.js:307:39)
}
Call log:
-   - waiting for locator("//button[@id='underline-button-integrations']")

at org.testng.Assert.fail(Assert.java:111)
at sandalia.apps.pages.AdminPage.integrationsWhenEnableIntegrationsIsFalse(AdminPage.java:155)
at sandalia.apps.AppTest.attemptToListIntegrationsWhenEnableIntegrationsIsFalse(AppTest.java:23)
at java.base/jdk.internal.reflect.DirectMethodHandleAccessor.invoke(DirectMethodHandleAccessor.java:104)
at java.base/java.lang.reflect.Method.invoke(Method.java:565)
at org.testng.internal.invokers.MethodInvocationHelper.invokeMethod(MethodInvocationHelper.java:141)
at org.testng.internal.invokers.TestInvoker.invokeMethod(TestInvoker.java:687)
at org.testng.internal.invokers.TestInvoker.invokeTestMethod(TestInvoker.java:230)
at org.testng.internal.invokers.MethodRunner.runInSequence(MethodRunner.java:63)
at org.testng.internal.invokers.TestInvoker$MethodInvocationAgent.invoke(TestInvoker.java:995)
at org.testng.internal.invokers.TestInvoker.invokeTestMethods(TestInvoker.java:203)
at org.testng.internal.invokers.TestMethodWorker.invokeTestMethods(TestMethodWorker.java:154)
at org.testng.internal.invokers.TestMethodWorker.run(TestMethodWorker.java:134)
at java.base/java.util.ArrayList.forEach(ArrayList.java:1604)
at org.testng.TestRunner.privateRun(TestRunner.java:741)
at org.testng.TestRunner.run(TestRunner.java:616)
at org.testng.SuiteRunner.runTest(SuiteRunner.java:421)
at org.testng.SuiteRunner.runSequentially(SuiteRunner.java:413)
at org.testng.SuiteRunner.privateRun(SuiteRunner.java:373)
at org.testng.SuiteRunner.run(SuiteRunner.java:312)
at org.testng.SuiteRunnerWorker.runSuite(SuiteRunnerWorker.java:52)
at org.testng.SuiteRunnerWorker.run(SuiteRunnerWorker.java:95)
at org.testng.TestNG.runSuitesSequentially(TestNG.java:1274)
at org.testng.TestNG.runSuitesLocally(TestNG.java:1208)
at org.testng.TestNG.runSuites(TestNG.java:1112)
at org.testng.TestNG.run(TestNG.java:1079)
at org.testng.remote.AbstractRemoteTestNG.run(AbstractRemoteTestNG.java:115)
at org.testng.remote.RemoteTestNG.initAndRun(RemoteTestNG.java:293)
at org.testng.remote.RemoteTestNG.main(RemoteTestNG.java:91)
]]>
    </failure>
  </testcase> <!-- attemptToListIntegrationsWhenEnableIntegrationsIsFalse -->
  <testcase classname="sandalia.apps.AppTest" name="loadingSpinnerConfirmationMsg" time="18.143"/>
</testsuite> <!-- sandalia.apps.AppTest -->
